{"/home/bmiller/git/node-error-classes/Errors.js":{"path":"/home/bmiller/git/node-error-classes/Errors.js","s":{"1":1,"2":1,"3":1,"4":1,"5":1,"6":1,"7":1,"8":1},"b":{},"f":{},"fnMap":{},"statementMap":{"1":{"start":{"line":22,"column":0},"end":{"line":22,"column":73}},"2":{"start":{"line":23,"column":0},"end":{"line":23,"column":71}},"3":{"start":{"line":24,"column":0},"end":{"line":24,"column":47}},"4":{"start":{"line":25,"column":0},"end":{"line":25,"column":73}},"5":{"start":{"line":27,"column":0},"end":{"line":27,"column":44}},"6":{"start":{"line":28,"column":0},"end":{"line":28,"column":42}},"7":{"start":{"line":29,"column":0},"end":{"line":29,"column":18}},"8":{"start":{"line":30,"column":0},"end":{"line":30,"column":44}}},"branchMap":{}},"/home/bmiller/git/node-error-classes/lib/RequiredParameter.js":{"path":"/home/bmiller/git/node-error-classes/lib/RequiredParameter.js","s":{"1":1,"2":2,"3":2,"4":2,"5":1},"b":{"1":[1,1]},"f":{"1":2},"fnMap":{"1":{"name":"(anonymous_1)","line":47,"loc":{"start":{"line":47,"column":14},"end":{"line":47,"column":39}}}},"statementMap":{"1":{"start":{"line":3,"column":0},"end":{"line":3,"column":29}},"2":{"start":{"line":48,"column":8},"end":{"line":48,"column":38}},"3":{"start":{"line":49,"column":8},"end":{"line":50,"column":73}},"4":{"start":{"line":51,"column":8},"end":{"line":51,"column":28}},"5":{"start":{"line":55,"column":0},"end":{"line":55,"column":35}}},"branchMap":{"1":{"line":50,"type":"cond-expr","locations":[{"start":{"line":50,"column":22},"end":{"line":50,"column":67}},{"start":{"line":50,"column":68},"end":{"line":50,"column":70}}]}}},"/home/bmiller/git/node-error-classes/lib/InvalidParameter.js":{"path":"/home/bmiller/git/node-error-classes/lib/InvalidParameter.js","s":{"1":1,"2":2,"3":2,"4":2,"5":1},"b":{"1":[1,1]},"f":{"1":2},"fnMap":{"1":{"name":"(anonymous_1)","line":50,"loc":{"start":{"line":50,"column":14},"end":{"line":50,"column":52}}}},"statementMap":{"1":{"start":{"line":3,"column":0},"end":{"line":3,"column":29}},"2":{"start":{"line":51,"column":8},"end":{"line":51,"column":37}},"3":{"start":{"line":52,"column":8},"end":{"line":53,"column":73}},"4":{"start":{"line":54,"column":8},"end":{"line":54,"column":28}},"5":{"start":{"line":58,"column":0},"end":{"line":58,"column":34}}},"branchMap":{"1":{"line":53,"type":"cond-expr","locations":[{"start":{"line":53,"column":22},"end":{"line":53,"column":67}},{"start":{"line":53,"column":68},"end":{"line":53,"column":70}}]}}},"/home/bmiller/git/node-error-classes/lib/Type.js":{"path":"/home/bmiller/git/node-error-classes/lib/Type.js","s":{"1":1,"2":2,"3":2,"4":1},"b":{"1":[1,1]},"f":{"1":2},"fnMap":{"1":{"name":"(anonymous_1)","line":51,"loc":{"start":{"line":51,"column":14},"end":{"line":51,"column":53}}}},"statementMap":{"1":{"start":{"line":3,"column":0},"end":{"line":3,"column":29}},"2":{"start":{"line":52,"column":8},"end":{"line":53,"column":73}},"3":{"start":{"line":54,"column":8},"end":{"line":54,"column":28}},"4":{"start":{"line":58,"column":0},"end":{"line":58,"column":22}}},"branchMap":{"1":{"line":53,"type":"cond-expr","locations":[{"start":{"line":53,"column":22},"end":{"line":53,"column":67}},{"start":{"line":53,"column":68},"end":{"line":53,"column":70}}]}}},"/home/bmiller/git/node-error-classes/lib/SocketUnavailable.js":{"path":"/home/bmiller/git/node-error-classes/lib/SocketUnavailable.js","s":{"1":1,"2":1,"3":1,"4":1,"5":1},"b":{"1":[0,1]},"f":{"1":1},"fnMap":{"1":{"name":"(anonymous_1)","line":66,"loc":{"start":{"line":66,"column":14},"end":{"line":66,"column":36}}}},"statementMap":{"1":{"start":{"line":3,"column":0},"end":{"line":3,"column":29}},"2":{"start":{"line":67,"column":8},"end":{"line":67,"column":38}},"3":{"start":{"line":68,"column":8},"end":{"line":69,"column":73}},"4":{"start":{"line":70,"column":8},"end":{"line":70,"column":28}},"5":{"start":{"line":74,"column":0},"end":{"line":74,"column":35}}},"branchMap":{"1":{"line":69,"type":"cond-expr","locations":[{"start":{"line":69,"column":22},"end":{"line":69,"column":67}},{"start":{"line":69,"column":68},"end":{"line":69,"column":70}}]}}}}