{"/home/bmiller/git/node-error-classes/Errors.js":{"path":"/home/bmiller/git/node-error-classes/Errors.js","s":{"1":1,"2":1,"3":1,"4":1,"5":1,"6":1},"b":{},"f":{},"fnMap":{},"statementMap":{"1":{"start":{"line":20,"column":0},"end":{"line":20,"column":73}},"2":{"start":{"line":21,"column":0},"end":{"line":21,"column":71}},"3":{"start":{"line":22,"column":0},"end":{"line":22,"column":47}},"4":{"start":{"line":24,"column":0},"end":{"line":24,"column":44}},"5":{"start":{"line":25,"column":0},"end":{"line":25,"column":42}},"6":{"start":{"line":26,"column":0},"end":{"line":26,"column":18}}},"branchMap":{}},"/home/bmiller/git/node-error-classes/lib/RequiredParameter.js":{"path":"/home/bmiller/git/node-error-classes/lib/RequiredParameter.js","s":{"1":1,"2":2,"3":2,"4":2,"5":1},"b":{"1":[1,1]},"f":{"1":2},"fnMap":{"1":{"name":"(anonymous_1)","line":31,"loc":{"start":{"line":31,"column":14},"end":{"line":31,"column":39}}}},"statementMap":{"1":{"start":{"line":3,"column":0},"end":{"line":3,"column":29}},"2":{"start":{"line":32,"column":8},"end":{"line":32,"column":38}},"3":{"start":{"line":33,"column":8},"end":{"line":34,"column":73}},"4":{"start":{"line":35,"column":8},"end":{"line":35,"column":28}},"5":{"start":{"line":39,"column":0},"end":{"line":39,"column":35}}},"branchMap":{"1":{"line":34,"type":"cond-expr","locations":[{"start":{"line":34,"column":22},"end":{"line":34,"column":67}},{"start":{"line":34,"column":68},"end":{"line":34,"column":70}}]}}},"/home/bmiller/git/node-error-classes/lib/InvalidParameter.js":{"path":"/home/bmiller/git/node-error-classes/lib/InvalidParameter.js","s":{"1":1,"2":2,"3":2,"4":2,"5":1},"b":{"1":[1,1]},"f":{"1":2},"fnMap":{"1":{"name":"(anonymous_1)","line":35,"loc":{"start":{"line":35,"column":14},"end":{"line":35,"column":52}}}},"statementMap":{"1":{"start":{"line":3,"column":0},"end":{"line":3,"column":29}},"2":{"start":{"line":36,"column":8},"end":{"line":36,"column":37}},"3":{"start":{"line":37,"column":8},"end":{"line":38,"column":73}},"4":{"start":{"line":39,"column":8},"end":{"line":39,"column":28}},"5":{"start":{"line":43,"column":0},"end":{"line":43,"column":34}}},"branchMap":{"1":{"line":38,"type":"cond-expr","locations":[{"start":{"line":38,"column":22},"end":{"line":38,"column":67}},{"start":{"line":38,"column":68},"end":{"line":38,"column":70}}]}}},"/home/bmiller/git/node-error-classes/lib/Type.js":{"path":"/home/bmiller/git/node-error-classes/lib/Type.js","s":{"1":1,"2":2,"3":2,"4":1},"b":{"1":[1,1]},"f":{"1":2},"fnMap":{"1":{"name":"(anonymous_1)","line":35,"loc":{"start":{"line":35,"column":14},"end":{"line":35,"column":53}}}},"statementMap":{"1":{"start":{"line":3,"column":0},"end":{"line":3,"column":29}},"2":{"start":{"line":36,"column":8},"end":{"line":37,"column":73}},"3":{"start":{"line":38,"column":8},"end":{"line":38,"column":28}},"4":{"start":{"line":42,"column":0},"end":{"line":42,"column":22}}},"branchMap":{"1":{"line":37,"type":"cond-expr","locations":[{"start":{"line":37,"column":22},"end":{"line":37,"column":67}},{"start":{"line":37,"column":68},"end":{"line":37,"column":70}}]}}}}