TN:
SF:/home/bmiller/git/node-error-classes/Errors.js
FNF:0
FNH:0
DA:20,1
DA:21,1
DA:22,1
DA:24,1
DA:25,1
DA:26,1
LF:6
LH:6
BRF:0
BRH:0
end_of_record
TN:
SF:/home/bmiller/git/node-error-classes/lib/RequiredParameter.js
FN:31,(anonymous_1)
FNF:1
FNH:1
FNDA:2,(anonymous_1)
DA:3,1
DA:32,2
DA:33,2
DA:35,2
DA:39,1
LF:5
LH:5
BRDA:34,1,0,1
BRDA:34,1,1,1
BRF:2
BRH:2
end_of_record
TN:
SF:/home/bmiller/git/node-error-classes/lib/InvalidParameter.js
FN:35,(anonymous_1)
FNF:1
FNH:1
FNDA:2,(anonymous_1)
DA:3,1
DA:36,2
DA:37,2
DA:39,2
DA:43,1
LF:5
LH:5
BRDA:38,1,0,1
BRDA:38,1,1,1
BRF:2
BRH:2
end_of_record
TN:
SF:/home/bmiller/git/node-error-classes/lib/Type.js
FN:35,(anonymous_1)
FNF:1
FNH:1
FNDA:2,(anonymous_1)
DA:3,1
DA:36,2
DA:38,2
DA:42,1
LF:4
LH:4
BRDA:37,1,0,1
BRDA:37,1,1,1
BRF:2
BRH:2
end_of_record
