TN:
SF:/home/bmiller/git/node-error-classes/Errors.js
FNF:0
FNH:0
DA:24,1
DA:25,1
DA:26,1
DA:27,1
DA:28,1
DA:29,1
DA:30,1
DA:32,1
DA:33,1
DA:34,1
DA:35,1
DA:36,1
DA:37,1
DA:38,1
LF:14
LH:14
BRF:0
BRH:0
end_of_record
TN:
SF:/home/bmiller/git/node-error-classes/lib/RequiredParameter.js
FN:47,(anonymous_1)
FNF:1
FNH:1
FNDA:2,(anonymous_1)
DA:3,1
DA:48,2
DA:49,2
DA:54,2
DA:58,1
LF:5
LH:5
BRDA:50,1,0,1
BRDA:50,1,1,1
BRF:2
BRH:2
end_of_record
TN:
SF:/home/bmiller/git/node-error-classes/lib/InvalidParameter.js
FN:50,(anonymous_1)
FNF:1
FNH:1
FNDA:2,(anonymous_1)
DA:3,1
DA:51,2
DA:52,2
DA:57,2
DA:61,1
LF:5
LH:5
BRDA:53,1,0,1
BRDA:53,1,1,1
BRF:2
BRH:2
end_of_record
TN:
SF:/home/bmiller/git/node-error-classes/lib/Type.js
FN:51,(anonymous_1)
FNF:1
FNH:1
FNDA:2,(anonymous_1)
DA:3,1
DA:52,2
DA:57,2
DA:61,1
LF:4
LH:4
BRDA:53,1,0,1
BRDA:53,1,1,1
BRF:2
BRH:2
end_of_record
TN:
SF:/home/bmiller/git/node-error-classes/lib/SocketUnavailable.js
FN:66,(anonymous_1)
FNF:1
FNH:1
FNDA:1,(anonymous_1)
DA:3,1
DA:67,1
DA:68,1
DA:73,1
DA:77,1
LF:5
LH:5
BRDA:69,1,0,0
BRDA:69,1,1,1
BRF:2
BRH:1
end_of_record
TN:
SF:/home/bmiller/git/node-error-classes/lib/UndefinedValue.js
FN:49,(anonymous_1)
FNF:1
FNH:1
FNDA:1,(anonymous_1)
DA:2,1
DA:50,1
DA:51,1
DA:56,1
DA:60,1
LF:5
LH:5
BRDA:52,1,0,0
BRDA:52,1,1,1
BRF:2
BRH:1
end_of_record
TN:
SF:/home/bmiller/git/node-error-classes/lib/InvalidMethod.js
FN:53,(anonymous_1)
FNF:1
FNH:1
FNDA:1,(anonymous_1)
DA:2,1
DA:54,1
DA:55,1
DA:60,1
DA:64,1
LF:5
LH:5
BRDA:56,1,0,0
BRDA:56,1,1,1
BRF:2
BRH:1
end_of_record
TN:
SF:/home/bmiller/git/node-error-classes/lib/Immutable.js
FN:85,(anonymous_1)
FNF:1
FNH:1
FNDA:1,(anonymous_1)
DA:2,1
DA:86,1
DA:87,1
DA:92,1
DA:96,1
LF:5
LH:5
BRDA:88,1,0,0
BRDA:88,1,1,1
BRF:2
BRH:1
end_of_record
